2025-04-12 15:05:23.099 [info] [main] Log level: Info
2025-04-12 15:05:23.099 [info] [main] Validating found git in: "git"
2025-04-12 15:05:23.099 [info] [main] Using git "2.34.1" from "git"
2025-04-12 15:05:23.099 [info] [Model][doInitialScan] Initial repository scan started
2025-04-12 15:05:23.099 [info] > git rev-parse --show-toplevel [3ms]
2025-04-12 15:05:23.099 [info] fatal: not a git repository (or any of the parent directories): .git
2025-04-12 15:05:23.099 [info] > git rev-parse --show-toplevel [3ms]
2025-04-12 15:05:23.099 [info] fatal: not a git repository (or any of the parent directories): .git
2025-04-12 15:05:23.099 [info] > git rev-parse --show-toplevel [2ms]
2025-04-12 15:05:23.099 [info] fatal: not a git repository (or any of the parent directories): .git
2025-04-12 15:05:23.099 [info] > git rev-parse --show-toplevel [2ms]
2025-04-12 15:05:23.099 [info] fatal: not a git repository (or any of the parent directories): .git
2025-04-12 15:05:23.099 [info] > git rev-parse --show-toplevel [2ms]
2025-04-12 15:05:23.099 [info] fatal: not a git repository (or any of the parent directories): .git
2025-04-12 15:05:23.099 [info] > git rev-parse --show-toplevel [2ms]
2025-04-12 15:05:23.099 [info] fatal: not a git repository (or any of the parent directories): .git
2025-04-12 15:05:23.099 [info] > git rev-parse --show-toplevel [1ms]
2025-04-12 15:05:23.099 [info] fatal: not a git repository (or any of the parent directories): .git
2025-04-12 15:05:23.099 [info] > git rev-parse --show-toplevel [3ms]
2025-04-12 15:05:23.099 [info] > git rev-parse --git-dir --git-common-dir [2ms]
2025-04-12 15:05:23.099 [info] [Model][openRepository] Opened repository: /home/ubuntu/.nvm
2025-04-12 15:05:23.099 [info] > git config --get commit.template [3ms]
2025-04-12 15:05:23.099 [info] > git rev-parse --show-toplevel [2ms]
2025-04-12 15:05:23.099 [info] fatal: not a git repository (or any of the parent directories): .git
2025-04-12 15:05:23.099 [info] > git for-each-ref --format %(refname)%00%(objectname)%00%(*objectname) refs/tags [5ms]
2025-04-12 15:05:23.099 [info] > git rev-parse --show-toplevel [10ms]
2025-04-12 15:05:23.099 [info] fatal: not a git repository (or any of the parent directories): .git
2025-04-12 15:05:23.099 [info] > git for-each-ref --sort -committerdate --format %(refname)%00%(objectname)%00%(*objectname) [4ms]
2025-04-12 15:05:23.099 [info] > git rev-parse --show-toplevel [2ms]
2025-04-12 15:05:23.099 [info] fatal: not a git repository (or any of the parent directories): .git
2025-04-12 15:05:23.099 [info] > git rev-parse --show-toplevel [2ms]
2025-04-12 15:05:23.099 [info] > git rev-parse --git-dir --git-common-dir [2ms]
2025-04-12 15:05:23.099 [info] [Model][openRepository] Opened repository: /home/ubuntu/screenshot-analysis
2025-04-12 15:05:23.099 [info] > git status -z -uall [31ms]
2025-04-12 15:05:23.099 [info] > git config --get commit.template [3ms]
2025-04-12 15:05:23.099 [info] > git rev-parse --show-toplevel [31ms]
2025-04-12 15:05:23.099 [info] fatal: not a git repository (or any of the parent directories): .git
2025-04-12 15:05:23.099 [info] > git config --get commit.template [9ms]
2025-04-12 15:05:23.099 [info] > git for-each-ref --format=%(refname)%00%(upstream:short)%00%(objectname)%00%(upstream:track)%00%(upstream:remotename)%00%(upstream:remoteref) refs/heads/main refs/remotes/main [8ms]
2025-04-12 15:05:23.099 [info] > git rev-parse --show-toplevel [6ms]
2025-04-12 15:05:23.099 [info] fatal: not a git repository (or any of the parent directories): .git
2025-04-12 15:05:23.099 [info] [Model][doInitialScan] Initial repository scan completed - repositories (2), closed repositories (0), parent repositories (0), unsafe repositories (0)
2025-04-12 15:05:23.099 [warning] [Git][revParse] Unable to read file: ENOENT: no such file or directory, open '/home/ubuntu/screenshot-analysis/.git/refs/remotes/origin/main'
2025-04-12 15:05:23.099 [info] > git for-each-ref --format %(refname)%00%(objectname)%00%(*objectname) refs/tags [10ms]
2025-04-12 15:05:23.099 [info] > git rev-parse refs/remotes/origin/main [7ms]
2025-04-12 15:05:23.099 [info] > git status -z -uall [4ms]
2025-04-12 15:05:23.099 [info] > git for-each-ref --sort -committerdate --format %(refname)%00%(objectname)%00%(*objectname) [10ms]
2025-04-12 15:05:23.099 [info] > git for-each-ref --sort -committerdate --format %(refname)%00%(objectname)%00%(*objectname) [4ms]
2025-04-12 15:05:23.099 [info] > git status -z -uall [28ms]
2025-04-12 15:05:23.099 [info] > git for-each-ref --format=%(refname)%00%(upstream:short)%00%(objectname)%00%(upstream:track)%00%(upstream:remotename)%00%(upstream:remoteref) refs/heads/main refs/remotes/main [10ms]
2025-04-12 15:05:23.099 [info] > git config --get commit.template [9ms]
2025-04-12 15:05:23.099 [info] > git for-each-ref --format=%(refname)%00%(upstream:short)%00%(objectname)%00%(upstream:track)%00%(upstream:remotename)%00%(upstream:remoteref) refs/heads/main refs/remotes/main [8ms]
2025-04-12 15:05:23.099 [info] > git config --get --local branch.main.vscode-merge-base [11ms]
2025-04-12 15:05:23.099 [warning] [Git][revParse] Unable to read file: ENOENT: no such file or directory, open '/home/ubuntu/screenshot-analysis/.git/refs/remotes/origin/main'
2025-04-12 15:05:23.099 [info] > git for-each-ref --format=%(refname)%00%(upstream:short)%00%(objectname)%00%(upstream:track)%00%(upstream:remotename)%00%(upstream:remoteref) refs/heads/origin/main refs/remotes/origin/main [4ms]
2025-04-12 15:05:23.099 [info] > git rev-parse refs/remotes/origin/main [5ms]
2025-04-12 15:05:23.099 [info] > git status -z -uall [6ms]
2025-04-12 15:05:23.099 [info] > git merge-base refs/heads/main refs/remotes/origin/main [10ms]
2025-04-12 15:05:23.099 [info] > git for-each-ref --sort -committerdate --format %(refname)%00%(objectname)%00%(*objectname) [7ms]
2025-04-12 15:05:23.099 [info] > git diff --name-status -z --diff-filter=ADMR 57ce3d84bebbacafd65e264f0828bcca7051bee3...refs/remotes/origin/main [9ms]
2025-04-12 15:05:23.099 [info] > git merge-base refs/heads/main refs/remotes/origin/main [3ms]
2025-04-12 15:05:23.099 [info] > git diff --name-status -z --diff-filter=ADMR 57ce3d84bebbacafd65e264f0828bcca7051bee3...refs/remotes/origin/main [3ms]
2025-04-12 15:05:23.416 [info] > git rev-parse --show-toplevel [2ms]
2025-04-12 15:05:23.706 [info] > git check-ignore -v -z --stdin [5ms]
2025-04-12 15:05:23.707 [info] > git check-ignore -v -z --stdin [2ms]
2025-04-12 15:05:24.981 [info] > git check-ignore -v -z --stdin [2ms]
2025-04-12 15:05:31.736 [info] > git check-ignore -v -z --stdin [3ms]
2025-04-12 15:05:45.288 [info] > git log --format=%H%n%aN%n%aE%n%at%n%ct%n%P%n%D%n%B -z --shortstat --diff-merges=first-parent -n50 --skip=0 --topo-order --decorate=full --stdin [20ms]
2025-04-12 15:05:45.357 [info] > git rev-parse --show-toplevel [2ms]
2025-04-12 15:05:45.358 [info] fatal: not a git repository (or any of the parent directories): .git
2025-04-12 15:05:45.367 [info] > git rev-parse --show-toplevel [2ms]
2025-04-12 15:05:45.367 [info] fatal: not a git repository (or any of the parent directories): .git
2025-04-12 15:05:45.865 [info] > git check-ignore -v -z --stdin [2ms]
2025-04-12 15:05:46.819 [info] > git -c user.useConfigOnly=true commit --quiet [4ms]
2025-04-12 15:05:46.819 [info] Author identity unknown

*** Please tell me who you are.

Run

  git config --global user.email "you@example.com"
  git config --global user.name "Your Name"

to set your account's default identity.
Omit --global to set the identity only in this repository.

fatal: no email was given and auto-detection is disabled
2025-04-12 15:05:46.825 [info] > git config --get-all user.name [2ms]
2025-04-12 15:05:46.834 [info] > git config --get commit.template [4ms]
2025-04-12 15:05:46.836 [info] > git for-each-ref --format=%(refname)%00%(upstream:short)%00%(objectname)%00%(upstream:track)%00%(upstream:remotename)%00%(upstream:remoteref) refs/heads/main refs/remotes/main [2ms]
2025-04-12 15:05:46.842 [warning] [Git][revParse] Unable to read file: ENOENT: no such file or directory, open '/home/ubuntu/screenshot-analysis/.git/refs/remotes/origin/main'
2025-04-12 15:05:46.844 [info] > git rev-parse refs/remotes/origin/main [2ms]
2025-04-12 15:05:46.853 [info] > git status -z -uall [5ms]
2025-04-12 15:05:46.855 [info] > git for-each-ref --sort -committerdate --format %(refname)%00%(objectname)%00%(*objectname) [3ms]
2025-04-12 15:05:50.346 [info] > git rev-parse --show-toplevel [5ms]
2025-04-12 15:05:50.347 [info] fatal: not a git repository (or any of the parent directories): .git
2025-04-12 15:06:01.455 [info] > git -c user.useConfigOnly=true commit --quiet [8ms]
2025-04-12 15:06:01.455 [info] Author identity unknown

*** Please tell me who you are.

Run

  git config --global user.email "you@example.com"
  git config --global user.name "Your Name"

to set your account's default identity.
Omit --global to set the identity only in this repository.

fatal: no email was given and auto-detection is disabled
2025-04-12 15:06:01.462 [info] > git config --get-all user.name [2ms]
2025-04-12 15:06:01.471 [info] > git config --get commit.template [5ms]
2025-04-12 15:06:01.474 [info] > git for-each-ref --format=%(refname)%00%(upstream:short)%00%(objectname)%00%(upstream:track)%00%(upstream:remotename)%00%(upstream:remoteref) refs/heads/main refs/remotes/main [3ms]
2025-04-12 15:06:01.477 [warning] [Git][revParse] Unable to read file: ENOENT: no such file or directory, open '/home/ubuntu/screenshot-analysis/.git/refs/remotes/origin/main'
2025-04-12 15:06:01.480 [info] > git rev-parse refs/remotes/origin/main [3ms]
2025-04-12 15:06:01.487 [info] > git status -z -uall [4ms]
2025-04-12 15:06:01.490 [info] > git for-each-ref --sort -committerdate --format %(refname)%00%(objectname)%00%(*objectname) [3ms]
