2025-04-12 23:35:59.642 [info] Reading sessions from keychain...
2025-04-12 23:35:59.643 [info] Getting sessions for all scopes...
2025-04-12 23:35:59.643 [info] Getting sessions for all scopes...
2025-04-12 23:35:59.643 [info] Got 0 sessions for ...
2025-04-12 23:35:59.643 [info] Got 0 sessions for ...
2025-04-12 23:35:59.973 [info] Getting sessions for read:user,repo,user:email,workflow...
2025-04-12 23:35:59.974 [info] Got 0 sessions for read:user,repo,user:email,workflow...
2025-04-12 23:36:04.554 [info] Getting sessions for read:user,repo,user:email,workflow...
2025-04-12 23:36:04.554 [info] Got 0 sessions for read:user,repo,user:email,workflow...
2025-04-12 23:36:06.674 [info] Logging in with 'any' account...
2025-04-12 23:36:06.675 [info] Logging in for the following scopes: read:user repo user:email workflow
2025-04-12 23:36:07.433 [info] Trying device code flow... (read:user repo user:email workflow)
2025-04-12 23:36:52.501 [info] Getting user info...
2025-04-12 23:36:53.154 [info] Got account info!
2025-04-12 23:36:53.155 [info] Storing 1 sessions...
2025-04-12 23:36:53.518 [info] Reading sessions from keychain...
2025-04-12 23:36:53.518 [info] Stored 1 sessions!
2025-04-12 23:36:53.520 [info] Login success!
2025-04-12 23:36:53.873 [info] Got stored sessions!
2025-04-12 23:36:53.959 [info] Got 1 verified sessions.
2025-04-12 23:36:54.637 [info] Getting sessions for read:user,repo,user:email,workflow...
2025-04-12 23:36:54.637 [info] Got 1 sessions for read:user,repo,user:email,workflow...
2025-04-12 23:36:57.100 [info] Getting sessions for read:user,repo,user:email,workflow...
2025-04-12 23:36:57.101 [info] Got 1 sessions for read:user,repo,user:email,workflow...
2025-04-12 23:36:58.944 [info] Getting sessions for read:user,repo,user:email,workflow...
2025-04-12 23:36:58.945 [info] Got 1 sessions for read:user,repo,user:email,workflow...
