2025-04-12 23:35:45.053 [info] Extension host with pid 20054 started
2025-04-12 23:35:45.053 [error] Error: EEXIST: file already exists, open '/home/ubuntu/.local/share/code-server/User/workspaceStorage/756ae319/vscode.lock'
2025-04-12 23:35:45.058 [info] Lock '/home/ubuntu/.local/share/code-server/User/workspaceStorage/756ae319/vscode.lock': Could not acquire lock, checking if the file is stale.
2025-04-12 23:35:45.064 [info] Lock '/home/ubuntu/.local/share/code-server/User/workspaceStorage/756ae319/vscode.lock': The lock does not look stale, elapsed: 970 ms, giving up.
2025-04-12 23:35:45.077 [error] Error: EEXIST: file already exists, open '/home/ubuntu/.local/share/code-server/User/workspaceStorage/756ae319-1/vscode.lock'
2025-04-12 23:35:45.078 [info] Lock '/home/ubuntu/.local/share/code-server/User/workspaceStorage/756ae319-1/vscode.lock': Could not acquire lock, checking if the file is stale.
2025-04-12 23:35:45.079 [info] Lock '/home/ubuntu/.local/share/code-server/User/workspaceStorage/756ae319-1/vscode.lock': The lock does not look stale, elapsed: 872 ms, giving up.
2025-04-12 23:35:45.079 [error] Error: EEXIST: file already exists, open '/home/ubuntu/.local/share/code-server/User/workspaceStorage/756ae319-2/vscode.lock'
2025-04-12 23:35:45.080 [info] Lock '/home/ubuntu/.local/share/code-server/User/workspaceStorage/756ae319-2/vscode.lock': Could not acquire lock, checking if the file is stale.
2025-04-12 23:35:45.081 [info] Lock '/home/ubuntu/.local/share/code-server/User/workspaceStorage/756ae319-2/vscode.lock': The lock does not look stale, elapsed: 682 ms, giving up.
2025-04-12 23:35:45.084 [info] Lock '/home/ubuntu/.local/share/code-server/User/workspaceStorage/756ae319-3/vscode.lock': Lock acquired.
2025-04-12 23:35:46.829 [info] ExtensionService#_doActivateExtension vscode.git-base, startup: true, activationEvent: '*', root cause: vscode.git
2025-04-12 23:35:47.207 [info] ExtensionService#_doActivateExtension vscode.configuration-editing, startup: false, activationEvent: 'onLanguage:jsonc'
2025-04-12 23:35:47.207 [info] ExtensionService#_doActivateExtension vscode.json-language-features, startup: false, activationEvent: 'onLanguage:jsonc'
2025-04-12 23:35:47.208 [info] ExtensionService#_doActivateExtension vscode.typescript-language-features, startup: false, activationEvent: 'onLanguage:jsonc'
2025-04-12 23:35:47.208 [info] ExtensionService#_doActivateExtension vscode.emmet, startup: false, activationEvent: 'onLanguage'
2025-04-12 23:35:47.431 [info] ExtensionService#_doActivateExtension vscode.git, startup: true, activationEvent: '*'
2025-04-12 23:35:47.432 [info] ExtensionService#_doActivateExtension vscode.github, startup: true, activationEvent: '*'
2025-04-12 23:35:48.131 [info] Eager extensions activated
2025-04-12 23:35:48.131 [info] ExtensionService#_doActivateExtension vscode.debug-auto-launch, startup: false, activationEvent: 'onStartupFinished'
2025-04-12 23:35:48.132 [info] ExtensionService#_doActivateExtension vscode.merge-conflict, startup: false, activationEvent: 'onStartupFinished'
2025-04-12 23:35:48.937 [info] ExtensionService#_doActivateExtension vscode.github-authentication, startup: false, activationEvent: 'onAuthenticationRequest:github'
