2025-04-12 23:19:06.752 [info] Extension host with pid 14703 started
2025-04-12 23:19:06.752 [error] Error: EEXIST: file already exists, open '/home/ubuntu/.local/share/code-server/User/workspaceStorage/756ae319/vscode.lock'
2025-04-12 23:19:06.758 [info] Lock '/home/ubuntu/.local/share/code-server/User/workspaceStorage/756ae319/vscode.lock': Could not acquire lock, checking if the file is stale.
2025-04-12 23:19:06.767 [info] Lock '/home/ubuntu/.local/share/code-server/User/workspaceStorage/756ae319/vscode.lock': The lock does not look stale, elapsed: 662 ms, giving up.
2025-04-12 23:19:06.774 [error] Error: EEXIST: file already exists, open '/home/ubuntu/.local/share/code-server/User/workspaceStorage/756ae319-1/vscode.lock'
2025-04-12 23:19:06.775 [info] Lock '/home/ubuntu/.local/share/code-server/User/workspaceStorage/756ae319-1/vscode.lock': Could not acquire lock, checking if the file is stale.
2025-04-12 23:19:06.776 [info] Lock '/home/ubuntu/.local/share/code-server/User/workspaceStorage/756ae319-1/vscode.lock': The lock does not look stale, elapsed: 729 ms, giving up.
2025-04-12 23:19:06.777 [error] Error: EEXIST: file already exists, open '/home/ubuntu/.local/share/code-server/User/workspaceStorage/756ae319-2/vscode.lock'
2025-04-12 23:19:06.777 [info] Lock '/home/ubuntu/.local/share/code-server/User/workspaceStorage/756ae319-2/vscode.lock': Could not acquire lock, checking if the file is stale.
2025-04-12 23:19:06.778 [info] Lock '/home/ubuntu/.local/share/code-server/User/workspaceStorage/756ae319-2/vscode.lock': The lock does not look stale, elapsed: 612 ms, giving up.
2025-04-12 23:19:06.779 [error] Error: EEXIST: file already exists, open '/home/ubuntu/.local/share/code-server/User/workspaceStorage/756ae319-3/vscode.lock'
2025-04-12 23:19:06.790 [info] Lock '/home/ubuntu/.local/share/code-server/User/workspaceStorage/756ae319-3/vscode.lock': Could not acquire lock, checking if the file is stale.
2025-04-12 23:19:06.792 [info] Lock '/home/ubuntu/.local/share/code-server/User/workspaceStorage/756ae319-3/vscode.lock': The lock does not look stale, elapsed: 602 ms, giving up.
2025-04-12 23:19:06.798 [info] Lock '/home/ubuntu/.local/share/code-server/User/workspaceStorage/756ae319-4/vscode.lock': Lock acquired.
2025-04-12 23:19:07.245 [info] ExtensionService#_doActivateExtension vscode.emmet, startup: false, activationEvent: 'onLanguage'
2025-04-12 23:19:07.246 [info] ExtensionService#_doActivateExtension vscode.configuration-editing, startup: false, activationEvent: 'onLanguage:jsonc'
2025-04-12 23:19:07.247 [info] ExtensionService#_doActivateExtension vscode.json-language-features, startup: false, activationEvent: 'onLanguage:jsonc'
2025-04-12 23:19:07.248 [info] ExtensionService#_doActivateExtension vscode.typescript-language-features, startup: false, activationEvent: 'onLanguage:jsonc'
2025-04-12 23:19:08.250 [info] ExtensionService#_doActivateExtension vscode.git-base, startup: true, activationEvent: '*', root cause: vscode.git
2025-04-12 23:19:08.696 [info] ExtensionService#_doActivateExtension vscode.git, startup: true, activationEvent: '*'
2025-04-12 23:19:08.697 [info] ExtensionService#_doActivateExtension vscode.github, startup: true, activationEvent: '*'
2025-04-12 23:19:09.267 [info] Eager extensions activated
2025-04-12 23:19:09.268 [info] ExtensionService#_doActivateExtension vscode.debug-auto-launch, startup: false, activationEvent: 'onStartupFinished'
2025-04-12 23:19:09.269 [info] ExtensionService#_doActivateExtension vscode.merge-conflict, startup: false, activationEvent: 'onStartupFinished'
2025-04-12 23:19:09.845 [info] ExtensionService#_doActivateExtension vscode.github-authentication, startup: false, activationEvent: 'onAuthenticationRequest:github'
2025-04-12 23:21:49.589 [info] ExtensionService#_doActivateExtension vscode.extension-editing, startup: false, activationEvent: 'onLanguage:markdown'
2025-04-12 23:21:49.590 [info] ExtensionService#_doActivateExtension vscode.markdown-language-features, startup: false, activationEvent: 'onLanguage:markdown'
2025-04-12 23:21:53.298 [info] ExtensionService#_doActivateExtension vscode.markdown-math, startup: false, activationEvent: 'api', root cause: vscode.markdown-language-features
2025-04-12 23:22:21.126 [info] ExtensionService#_doActivateExtension vscode.media-preview, startup: false, activationEvent: 'onCustomEditor:imagePreview.previewEditor'
2025-04-12 23:32:01.429 [info] ExtensionService#_doActivateExtension vscode.npm, startup: false, activationEvent: 'onTerminalQuickFixRequest:ms-vscode.npm-command'
